e:\myproject\blockchain\x64\debug\blockchain.lib
e:\myproject\blockchain\x64\debug\blockchain.exp
e:\myproject\blockchain\blockchain\x64\debug\blockchain.pch
e:\myproject\blockchain\blockchain\x64\debug\vc142.pdb
e:\myproject\blockchain\blockchain\x64\debug\vc142.idb
e:\myproject\blockchain\blockchain\x64\debug\stdafx.obj
e:\myproject\blockchain\blockchain\x64\debug\main.obj
e:\myproject\blockchain\blockchain\x64\debug\proofofwork.obj
e:\myproject\blockchain\blockchain\x64\debug\blockchain.obj
e:\myproject\blockchain\blockchain\x64\debug\block.obj
e:\myproject\blockchain\x64\debug\blockchain.pdb
e:\myproject\blockchain\blockchain\x64\debug\blockchain.tlog\blockchain.write.1u.tlog
e:\myproject\blockchain\blockchain\x64\debug\blockchain.tlog\cl.command.1.tlog
e:\myproject\blockchain\blockchain\x64\debug\blockchain.tlog\cl.read.1.tlog
e:\myproject\blockchain\blockchain\x64\debug\blockchain.tlog\cl.write.1.tlog
e:\myproject\blockchain\blockchain\x64\debug\blockchain.tlog\link-cvtres.read.1.tlog
e:\myproject\blockchain\blockchain\x64\debug\blockchain.tlog\link-cvtres.write.1.tlog
e:\myproject\blockchain\blockchain\x64\debug\blockchain.tlog\link-rc.read.1.tlog
e:\myproject\blockchain\blockchain\x64\debug\blockchain.tlog\link-rc.write.1.tlog
e:\myproject\blockchain\blockchain\x64\debug\blockchain.tlog\link.14528.delete.1.tlog
e:\myproject\blockchain\blockchain\x64\debug\blockchain.tlog\link.24496-cvtres.read.1.tlog
e:\myproject\blockchain\blockchain\x64\debug\blockchain.tlog\link.24496-cvtres.write.1.tlog
e:\myproject\blockchain\blockchain\x64\debug\blockchain.tlog\link.24496-rc.read.1.tlog
e:\myproject\blockchain\blockchain\x64\debug\blockchain.tlog\link.24496-rc.write.1.tlog
e:\myproject\blockchain\blockchain\x64\debug\blockchain.tlog\link.24496.delete.1.tlog
e:\myproject\blockchain\blockchain\x64\debug\blockchain.tlog\link.24496.read.1.tlog
e:\myproject\blockchain\blockchain\x64\debug\blockchain.tlog\link.24496.write.1.tlog
e:\myproject\blockchain\blockchain\x64\debug\blockchain.tlog\link.command.1.tlog
e:\myproject\blockchain\blockchain\x64\debug\blockchain.tlog\link.delete.1.tlog
e:\myproject\blockchain\blockchain\x64\debug\blockchain.tlog\link.read.1.tlog
e:\myproject\blockchain\blockchain\x64\debug\blockchain.tlog\link.write.1.tlog
